[debug] [2025-09-26T10:23:13.368Z] ----------------------------------------------------------------------
[debug] [2025-09-26T10:23:13.373Z] Command:       C:\Program Files\nodejs\node.exe C:\Users\marat\AppData\Roaming\npm\node_modules\firebase-tools\lib\bin\firebase.js init
[debug] [2025-09-26T10:23:13.373Z] CLI Version:   14.17.0
[debug] [2025-09-26T10:23:13.373Z] Platform:      win32
[debug] [2025-09-26T10:23:13.374Z] Node Version:  v22.17.1
[debug] [2025-09-26T10:23:13.374Z] Time:          Fri Sep 26 2025 15:53:13 GMT+0530 (India Standard Time)
[debug] [2025-09-26T10:23:13.374Z] ----------------------------------------------------------------------
[debug] 
[debug] [2025-09-26T10:23:13.383Z] > command requires scopes: ["email","openid","https://www.googleapis.com/auth/cloudplatformprojects.readonly","https://www.googleapis.com/auth/firebase","https://www.googleapis.com/auth/cloud-platform"]
[debug] [2025-09-26T10:23:13.384Z] > authorizing via signed-in user (marathesiddhant90@gmail.com)
[info] 
     ######## #### ########  ######## ########     ###     ######  ########
     ##        ##  ##     ## ##       ##     ##  ##   ##  ##       ##
     ######    ##  ########  ######   ########  #########  ######  ######
     ##        ##  ##    ##  ##       ##     ## ##     ##       ## ##
     ##       #### ##     ## ######## ########  ##     ##  ######  ########

You're about to initialize a Firebase project in this directory:

  C:\Users\marat\my-firebase-project

[info] 
=== Project Setup
[info] 
[info] First, let's associate this project directory with a Firebase project.
[info] You can create multiple project aliases by running firebase use --add, 
[info] but for now we'll just set up a default project.
[info] 
[debug] [2025-09-26T10:23:56.697Z] Checked if tokens are valid: false, expires at: 1758880473795
[debug] [2025-09-26T10:23:56.697Z] Checked if tokens are valid: false, expires at: 1758880473795
[debug] [2025-09-26T10:23:56.698Z] > refreshing access token with scopes: []
[debug] [2025-09-26T10:23:56.700Z] >>> [apiv2][query] POST https://www.googleapis.com/oauth2/v3/token [none]
[debug] [2025-09-26T10:23:56.700Z] >>> [apiv2][body] POST https://www.googleapis.com/oauth2/v3/token [omitted]
[debug] [2025-09-26T10:24:01.785Z] <<< [apiv2][status] POST https://www.googleapis.com/oauth2/v3/token 200
[debug] [2025-09-26T10:24:01.786Z] <<< [apiv2][body] POST https://www.googleapis.com/oauth2/v3/token [omitted]
[debug] [2025-09-26T10:24:01.804Z] >>> [apiv2][query] GET https://firebase.googleapis.com/v1beta1/projects pageSize=100
[debug] [2025-09-26T10:24:03.544Z] <<< [apiv2][status] GET https://firebase.googleapis.com/v1beta1/projects 200
[debug] [2025-09-26T10:24:03.544Z] <<< [apiv2][body] GET https://firebase.googleapis.com/v1beta1/projects [omitted]
[info] i  Using project studio-2149225060-dc117 (Firebase app) 
[info] 
=== Dataconnect Setup
[debug] [2025-09-26T10:24:19.789Z] Checked if tokens are valid: true, expires at: 1758885840786
[debug] [2025-09-26T10:24:19.790Z] Checked if tokens are valid: true, expires at: 1758885840786
[debug] [2025-09-26T10:24:19.790Z] >>> [apiv2][query] GET https://cloudbilling.googleapis.com/v1/projects/studio-2149225060-dc117/billingInfo [none]
[debug] [2025-09-26T10:24:25.066Z] <<< [apiv2][status] GET https://cloudbilling.googleapis.com/v1/projects/studio-2149225060-dc117/billingInfo 200
[debug] [2025-09-26T10:24:25.066Z] <<< [apiv2][body] GET https://cloudbilling.googleapis.com/v1/projects/studio-2149225060-dc117/billingInfo {"name":"projects/studio-2149225060-dc117/billingInfo","projectId":"studio-2149225060-dc117","billingAccountName":"","billingEnabled":false}
[info] i  dataconnect: ensuring required API firebasedataconnect.googleapis.com is enabled... 
[info] i  dataconnect: ensuring required API sqladmin.googleapis.com is enabled... 
[debug] [2025-09-26T10:24:25.069Z] Checked if tokens are valid: true, expires at: 1758885840786
[debug] [2025-09-26T10:24:25.069Z] Checked if tokens are valid: true, expires at: 1758885840786
[debug] [2025-09-26T10:24:25.069Z] >>> [apiv2][query] GET https://firebasedataconnect.googleapis.com/v1/projects/studio-2149225060-dc117/locations/-/services [none]
[debug] [2025-09-26T10:24:27.729Z] <<< [apiv2][status] GET https://firebasedataconnect.googleapis.com/v1/projects/studio-2149225060-dc117/locations/-/services 200
[debug] [2025-09-26T10:24:27.729Z] <<< [apiv2][body] GET https://firebasedataconnect.googleapis.com/v1/projects/studio-2149225060-dc117/locations/-/services {}
[info] i  dataconnect: ensuring required API cloudaicompanion.googleapis.com is enabled... 
[warn] !  dataconnect: No app exists in the current directory. 
[info] i  dataconnect: > npm create vite@latest web-app -- --template react 
